<?xml version="1.0" encoding="UTF-8"?>
<!-- Generated by org.testng.reporters.JUnitReportReporter -->
<testsuite hostname="ChoydeMac-mini.local" failures="0" tests="1" name="runner.TestRunner" time="2.394" errors="0" timestamp="2024-09-25T23:01:04 EDT" skipped="0">
  <testcase classname="runner.TestRunner" name="runScenario" time="2.394"/>
  <system-out/>
</testsuite> <!-- runner.TestRunner -->
